<?xml version="1.0" encoding="UTF-8"?>
<!-- Generated by org.testng.reporters.JUnitXMLReporter -->
<testsuite hostname="da" ignored="0" name="Command line test" tests="2" failures="0" timestamp="14 Feb 2018 18:26:40 GMT" time="45.439" errors="0">
  <testcase name="login_with_valid_credentials" time="6.151" classname="com.automationpractice.clothesshopping.APLoginFFTest"/>
  <testcase name="purchase_with_login" time="25.42" classname="com.automationpractice.clothesshopping.APLoginFFTest"/>
</testsuite> <!-- Command line test -->
