<?xml version="1.0" encoding="UTF-8"?>
<!-- Generated by org.testng.reporters.JUnitXMLReporter -->
<testsuite hostname="da" ignored="0" name="Test 1" tests="2" failures="0" timestamp="13 Feb 2018 21:30:32 GMT" time="45.226" errors="0">
  <testcase name="login_with_valid_credentials" time="5.804" classname="com.automationpractice.clothesshopping.APLoginFFTest"/>
  <testcase name="purchase_with_login" time="22.089" classname="com.automationpractice.clothesshopping.APLoginFFTest"/>
</testsuite> <!-- Test 1 -->
