<?xml version="1.0" encoding="UTF-8"?>
<testng-results skipped="0" failed="0" ignored="0" total="1" passed="1">
  <reporter-output>
  </reporter-output>
  <suite name="Command line suite" duration-ms="124" started-at="2018-02-13T14:06:38Z" finished-at="2018-02-13T14:06:38Z">
    <groups>
    </groups>
    <test name="Command line test" duration-ms="124" started-at="2018-02-13T14:06:38Z" finished-at="2018-02-13T14:06:38Z">
      <class name="com.automationpractice.clothesshopping.AppTest">
        <test-method status="PASS" signature="testApp()" name="testApp" duration-ms="35" started-at="2018-02-13T15:06:38Z" finished-at="2018-02-13T15:06:38Z">
          <reporter-output>
          </reporter-output>
        </test-method> <!-- testApp -->
      </class> <!-- com.automationpractice.clothesshopping.AppTest -->
    </test> <!-- Command line test -->
  </suite> <!-- Command line suite -->
</testng-results>
