<?xml version="1.0" encoding="UTF-8"?>
<testng-results skipped="0" failed="0" ignored="0" total="2" passed="2">
  <reporter-output>
  </reporter-output>
  <suite name="Command line suite" duration-ms="49006" started-at="2018-02-13T14:05:48Z" finished-at="2018-02-13T14:06:37Z">
    <groups>
    </groups>
    <test name="Command line test" duration-ms="49006" started-at="2018-02-13T14:05:48Z" finished-at="2018-02-13T14:06:37Z">
      <class name="test.APLoginFFTest">
        <test-method status="PASS" signature="beforeTest()[pri:0, instance:test.APLoginFFTest@1324409e]" name="beforeTest" is-config="true" duration-ms="18019" started-at="2018-02-13T15:05:49Z" finished-at="2018-02-13T15:06:07Z">
          <reporter-output>
          </reporter-output>
        </test-method> <!-- beforeTest -->
        <test-method status="PASS" signature="login_with_valid_credentials()[pri:0, instance:test.APLoginFFTest@1324409e]" name="login_with_valid_credentials" duration-ms="6851" started-at="2018-02-13T15:06:07Z" finished-at="2018-02-13T15:06:13Z">
          <reporter-output>
          </reporter-output>
        </test-method> <!-- login_with_valid_credentials -->
        <test-method status="PASS" signature="tearDown(org.testng.ITestResult)[pri:0, instance:test.APLoginFFTest@1324409e]" name="tearDown" is-config="true" duration-ms="3" started-at="2018-02-13T15:06:13Z" finished-at="2018-02-13T15:06:13Z">
          <params>
            <param index="0">
              <value>
                <![CDATA[[TestResult name=login_with_valid_credentials status=SUCCESS method=APLoginFFTest.login_with_valid_credentials()[pri:0, instance:test.APLoginFFTest@1324409e] output={null}]]]>
              </value>
            </param>
          </params>
          <reporter-output>
          </reporter-output>
        </test-method> <!-- tearDown -->
        <test-method status="PASS" signature="purchase_with_login()[pri:0, instance:test.APLoginFFTest@1324409e]" name="purchase_with_login" duration-ms="24036" started-at="2018-02-13T15:06:13Z" finished-at="2018-02-13T15:06:37Z">
          <reporter-output>
          </reporter-output>
        </test-method> <!-- purchase_with_login -->
        <test-method status="PASS" signature="tearDown(org.testng.ITestResult)[pri:0, instance:test.APLoginFFTest@1324409e]" name="tearDown" is-config="true" duration-ms="1" started-at="2018-02-13T15:06:37Z" finished-at="2018-02-13T15:06:37Z">
          <params>
            <param index="0">
              <value>
                <![CDATA[[TestResult name=purchase_with_login status=SUCCESS method=APLoginFFTest.purchase_with_login()[pri:0, instance:test.APLoginFFTest@1324409e] output={null}]]]>
              </value>
            </param>
          </params>
          <reporter-output>
          </reporter-output>
        </test-method> <!-- tearDown -->
      </class> <!-- test.APLoginFFTest -->
    </test> <!-- Command line test -->
  </suite> <!-- Command line suite -->
</testng-results>
