<?xml version="1.0" encoding="UTF-8"?>
<testng-results skipped="0" failed="0" ignored="0" total="2" passed="2">
  <reporter-output>
  </reporter-output>
  <suite name="com.automationpractice.clothesshopping.APLoginFFTest" duration-ms="45439" started-at="2018-02-14T18:25:55Z" finished-at="2018-02-14T18:26:40Z">
    <groups>
    </groups>
    <test name="Command line test" duration-ms="45439" started-at="2018-02-14T18:25:55Z" finished-at="2018-02-14T18:26:40Z">
      <class name="com.automationpractice.clothesshopping.APLoginFFTest">
        <test-method status="PASS" signature="beforeTest()[pri:0, instance:com.automationpractice.clothesshopping.APLoginFFTest@dfd3711]" name="beforeTest" is-config="true" duration-ms="13819" started-at="2018-02-14T19:25:55Z" finished-at="2018-02-14T19:26:09Z">
          <reporter-output>
          </reporter-output>
        </test-method> <!-- beforeTest -->
        <test-method status="PASS" signature="login_with_valid_credentials()[pri:0, instance:com.automationpractice.clothesshopping.APLoginFFTest@dfd3711]" name="login_with_valid_credentials" duration-ms="6151" started-at="2018-02-14T19:26:09Z" finished-at="2018-02-14T19:26:15Z">
          <reporter-output>
          </reporter-output>
        </test-method> <!-- login_with_valid_credentials -->
        <test-method status="PASS" signature="tearDown(org.testng.ITestResult)[pri:0, instance:com.automationpractice.clothesshopping.APLoginFFTest@dfd3711]" name="tearDown" is-config="true" duration-ms="4" started-at="2018-02-14T19:26:15Z" finished-at="2018-02-14T19:26:15Z">
          <params>
            <param index="0">
              <value>
                <![CDATA[[TestResult name=login_with_valid_credentials status=SUCCESS method=APLoginFFTest.login_with_valid_credentials()[pri:0, instance:com.automationpractice.clothesshopping.APLoginFFTest@dfd3711] output={null}]]]>
              </value>
            </param>
          </params>
          <reporter-output>
          </reporter-output>
        </test-method> <!-- tearDown -->
        <test-method status="PASS" signature="purchase_with_login()[pri:0, instance:com.automationpractice.clothesshopping.APLoginFFTest@dfd3711]" name="purchase_with_login" duration-ms="25420" started-at="2018-02-14T19:26:15Z" finished-at="2018-02-14T19:26:40Z">
          <reporter-output>
          </reporter-output>
        </test-method> <!-- purchase_with_login -->
        <test-method status="PASS" signature="tearDown(org.testng.ITestResult)[pri:0, instance:com.automationpractice.clothesshopping.APLoginFFTest@dfd3711]" name="tearDown" is-config="true" duration-ms="1" started-at="2018-02-14T19:26:40Z" finished-at="2018-02-14T19:26:40Z">
          <params>
            <param index="0">
              <value>
                <![CDATA[[TestResult name=purchase_with_login status=SUCCESS method=APLoginFFTest.purchase_with_login()[pri:0, instance:com.automationpractice.clothesshopping.APLoginFFTest@dfd3711] output={null}]]]>
              </value>
            </param>
          </params>
          <reporter-output>
          </reporter-output>
        </test-method> <!-- tearDown -->
      </class> <!-- com.automationpractice.clothesshopping.APLoginFFTest -->
    </test> <!-- Command line test -->
  </suite> <!-- com.automationpractice.clothesshopping.APLoginFFTest -->
</testng-results>
