<?xml version="1.0" encoding="UTF-8"?>
<testng-results skipped="0" failed="0" ignored="0" total="2" passed="2">
  <reporter-output>
  </reporter-output>
  <suite name="Default suite" duration-ms="66344" started-at="2018-02-13T14:03:57Z" finished-at="2018-02-13T14:05:03Z">
    <groups>
    </groups>
    <test name="Default test" duration-ms="66344" started-at="2018-02-13T14:03:57Z" finished-at="2018-02-13T14:05:03Z">
      <class name="test.APLoginFFTest">
        <test-method status="PASS" signature="beforeTest()[pri:0, instance:test.APLoginFFTest@27efef64]" name="beforeTest" is-config="true" duration-ms="27980" started-at="2018-02-13T15:03:57Z" finished-at="2018-02-13T15:04:25Z">
          <reporter-output>
          </reporter-output>
        </test-method> <!-- beforeTest -->
        <test-method status="PASS" signature="login_with_valid_credentials()[pri:0, instance:test.APLoginFFTest@27efef64]" name="login_with_valid_credentials" duration-ms="7235" started-at="2018-02-13T15:04:25Z" finished-at="2018-02-13T15:04:32Z">
          <reporter-output>
          </reporter-output>
        </test-method> <!-- login_with_valid_credentials -->
        <test-method status="PASS" signature="tearDown(org.testng.ITestResult)[pri:0, instance:test.APLoginFFTest@27efef64]" name="tearDown" is-config="true" duration-ms="2" started-at="2018-02-13T15:04:32Z" finished-at="2018-02-13T15:04:32Z">
          <params>
            <param index="0">
              <value>
                <![CDATA[[TestResult name=login_with_valid_credentials status=SUCCESS method=APLoginFFTest.login_with_valid_credentials()[pri:0, instance:test.APLoginFFTest@27efef64] output={null}]]]>
              </value>
            </param>
          </params>
          <reporter-output>
          </reporter-output>
        </test-method> <!-- tearDown -->
        <test-method status="PASS" signature="purchase_with_login()[pri:0, instance:test.APLoginFFTest@27efef64]" name="purchase_with_login" duration-ms="31093" started-at="2018-02-13T15:04:32Z" finished-at="2018-02-13T15:05:03Z">
          <reporter-output>
          </reporter-output>
        </test-method> <!-- purchase_with_login -->
        <test-method status="PASS" signature="tearDown(org.testng.ITestResult)[pri:0, instance:test.APLoginFFTest@27efef64]" name="tearDown" is-config="true" duration-ms="1" started-at="2018-02-13T15:05:03Z" finished-at="2018-02-13T15:05:03Z">
          <params>
            <param index="0">
              <value>
                <![CDATA[[TestResult name=purchase_with_login status=SUCCESS method=APLoginFFTest.purchase_with_login()[pri:0, instance:test.APLoginFFTest@27efef64] output={null}]]]>
              </value>
            </param>
          </params>
          <reporter-output>
          </reporter-output>
        </test-method> <!-- tearDown -->
      </class> <!-- test.APLoginFFTest -->
    </test> <!-- Default test -->
  </suite> <!-- Default suite -->
</testng-results>
